{
  "stats": {
    "suites": 2,
    "tests": 3,
    "passes": 3,
    "pending": 0,
    "failures": 0,
    "start": "2021-05-01T02:44:11.649Z",
    "end": "2021-05-01T02:44:21.395Z",
    "duration": 2404,
    "testsRegistered": 3,
    "passPercent": 100,
    "pendingPercent": 0,
    "other": 0,
    "hasOther": false,
    "skipped": 0,
    "hasSkipped": false
  },
  "results": [
    {
      "uuid": "c0f8878f-f6dd-4f2e-b0db-30d49f03d05e",
      "title": "",
      "fullFile": "cypress/integration/cucumber-tests/trash_to_treasure_homepage.feature",
      "file": "cypress/integration/cucumber-tests/trash_to_treasure_homepage.feature",
      "beforeHooks": [],
      "afterHooks": [],
      "tests": [],
      "suites": [
        {
          "uuid": "b4302683-7e15-48a6-9cc4-667f37f9fed7",
          "title": "Trash to Treasure Homepage",
          "fullFile": "",
          "file": "",
          "beforeHooks": [],
          "afterHooks": [],
          "tests": [
            {
              "title": "Verify title is displayed properly",
              "fullTitle": "Trash to Treasure Homepage Verify title is displayed properly",
              "timedOut": null,
              "duration": 787,
              "state": "passed",
              "speed": "slow",
              "pass": true,
              "fail": false,
              "pending": false,
              "context": null,
              "code": "const state = window.testState;\nreturn cy\n  .then(() => state.onStartScenario(scenario, indexedSteps))\n  .then(() =>\n    resolveAndRunBeforeHooks.call(this, scenario.tags, state.feature.name)\n  )\n  .then(() =>\n    indexedSteps.forEach(step =>\n      stepTest.call(this, state, step, rowData)\n    )\n  )\n  .then(() =>\n    resolveAndRunAfterHooks.call(this, scenario.tags, state.feature.name)\n  )\n  .then(() => state.onFinishScenario(scenario));",
              "err": {},
              "uuid": "2479956e-4278-483b-bb23-de513e7f4e49",
              "parentUUID": "b4302683-7e15-48a6-9cc4-667f37f9fed7",
              "isHook": false,
              "skipped": false
            },
            {
              "title": "Verify Navbar displays Trash To Treasure (example #1)",
              "fullTitle": "Trash to Treasure Homepage Verify Navbar displays Trash To Treasure (example #1)",
              "timedOut": null,
              "duration": 165,
              "state": "passed",
              "speed": "slow",
              "pass": true,
              "fail": false,
              "pending": false,
              "context": null,
              "code": "const state = window.testState;\nreturn cy\n  .then(() => state.onStartScenario(scenario, indexedSteps))\n  .then(() =>\n    resolveAndRunBeforeHooks.call(this, scenario.tags, state.feature.name)\n  )\n  .then(() =>\n    indexedSteps.forEach(step =>\n      stepTest.call(this, state, step, rowData)\n    )\n  )\n  .then(() =>\n    resolveAndRunAfterHooks.call(this, scenario.tags, state.feature.name)\n  )\n  .then(() => state.onFinishScenario(scenario));",
              "err": {},
              "uuid": "b8b2aead-016a-4d04-8e14-b4351bd1fc74",
              "parentUUID": "b4302683-7e15-48a6-9cc4-667f37f9fed7",
              "isHook": false,
              "skipped": false
            }
          ],
          "suites": [],
          "passes": [
            "2479956e-4278-483b-bb23-de513e7f4e49",
            "b8b2aead-016a-4d04-8e14-b4351bd1fc74"
          ],
          "failures": [],
          "pending": [],
          "skipped": [],
          "duration": 952,
          "root": false,
          "rootEmpty": false,
          "_timeout": 2000
        }
      ],
      "passes": [],
      "failures": [],
      "pending": [],
      "skipped": [],
      "duration": 0,
      "root": true,
      "rootEmpty": true,
      "_timeout": 2000
    },
    {
      "uuid": "5f745f64-d3d1-4fa7-b438-4813eef04250",
      "title": "",
      "fullFile": "cypress/integration/cucumber-tests/Z_generate_cucumber_reports.feature",
      "file": "cypress/integration/cucumber-tests/Z_generate_cucumber_reports.feature",
      "beforeHooks": [],
      "afterHooks": [],
      "tests": [],
      "suites": [
        {
          "uuid": "e95db8f4-356a-4f67-9d80-2c5217a2caad",
          "title": "Generate Cucumber Reports",
          "fullFile": "",
          "file": "",
          "beforeHooks": [],
          "afterHooks": [],
          "tests": [
            {
              "title": "Explore different products of Rapid7",
              "fullTitle": "Generate Cucumber Reports Explore different products of Rapid7",
              "timedOut": null,
              "duration": 1452,
              "state": "passed",
              "speed": "slow",
              "pass": true,
              "fail": false,
              "pending": false,
              "context": null,
              "code": "const state = window.testState;\nreturn cy\n  .then(() => state.onStartScenario(scenario, indexedSteps))\n  .then(() =>\n    resolveAndRunBeforeHooks.call(this, scenario.tags, state.feature.name)\n  )\n  .then(() =>\n    indexedSteps.forEach(step =>\n      stepTest.call(this, state, step, rowData)\n    )\n  )\n  .then(() =>\n    resolveAndRunAfterHooks.call(this, scenario.tags, state.feature.name)\n  )\n  .then(() => state.onFinishScenario(scenario));",
              "err": {},
              "uuid": "3be4203f-00b9-4f15-af64-f84396ea4c84",
              "parentUUID": "e95db8f4-356a-4f67-9d80-2c5217a2caad",
              "isHook": false,
              "skipped": false
            }
          ],
          "suites": [],
          "passes": [
            "3be4203f-00b9-4f15-af64-f84396ea4c84"
          ],
          "failures": [],
          "pending": [],
          "skipped": [],
          "duration": 1452,
          "root": false,
          "rootEmpty": false,
          "_timeout": 2000
        }
      ],
      "passes": [],
      "failures": [],
      "pending": [],
      "skipped": [],
      "duration": 0,
      "root": true,
      "rootEmpty": true,
      "_timeout": 2000
    }
  ],
  "meta": {
    "mocha": {
      "version": "7.0.1"
    },
    "mochawesome": {
      "options": {
        "quiet": false,
        "reportFilename": "mochawesome",
        "saveHtml": false,
        "saveJson": true,
        "consoleReporter": "spec",
        "useInlineDiffs": false,
        "code": true
      },
      "version": "6.2.1"
    },
    "marge": {
      "options": {
        "id": "default",
        "reportDir": "cypress/reports/mocha",
        "quite": true,
        "overwrite": false,
        "html": false,
        "json": true
      },
      "version": "5.1.0"
    }
  }
}