{
  "stats": {
    "suites": 2,
    "tests": 3,
    "passes": 3,
    "pending": 0,
    "failures": 0,
    "start": "2021-05-01T02:58:32.600Z",
    "end": "2021-05-01T02:58:42.055Z",
    "duration": 2232,
    "testsRegistered": 3,
    "passPercent": 100,
    "pendingPercent": 0,
    "other": 0,
    "hasOther": false,
    "skipped": 0,
    "hasSkipped": false
  },
  "results": [
    {
      "uuid": "f743ee72-77b2-40bc-8d61-a942f41b9cd7",
      "title": "",
      "fullFile": "cypress/integration/cucumber-tests/trash_to_treasure_homepage.feature",
      "file": "cypress/integration/cucumber-tests/trash_to_treasure_homepage.feature",
      "beforeHooks": [],
      "afterHooks": [],
      "tests": [],
      "suites": [
        {
          "uuid": "1e058828-439c-4774-8df2-a1f4e6374989",
          "title": "Trash to Treasure Homepage",
          "fullFile": "",
          "file": "",
          "beforeHooks": [],
          "afterHooks": [],
          "tests": [
            {
              "title": "Verify title is displayed properly",
              "fullTitle": "Trash to Treasure Homepage Verify title is displayed properly",
              "timedOut": null,
              "duration": 768,
              "state": "passed",
              "speed": "slow",
              "pass": true,
              "fail": false,
              "pending": false,
              "context": null,
              "code": "const state = window.testState;\nreturn cy\n  .then(() => state.onStartScenario(scenario, indexedSteps))\n  .then(() =>\n    resolveAndRunBeforeHooks.call(this, scenario.tags, state.feature.name)\n  )\n  .then(() =>\n    indexedSteps.forEach(step =>\n      stepTest.call(this, state, step, rowData)\n    )\n  )\n  .then(() =>\n    resolveAndRunAfterHooks.call(this, scenario.tags, state.feature.name)\n  )\n  .then(() => state.onFinishScenario(scenario));",
              "err": {},
              "uuid": "8a86ad04-768b-4e44-9dc5-27c3dc712d69",
              "parentUUID": "1e058828-439c-4774-8df2-a1f4e6374989",
              "isHook": false,
              "skipped": false
            },
            {
              "title": "Verify Navbar displays Trash To Treasure (example #1)",
              "fullTitle": "Trash to Treasure Homepage Verify Navbar displays Trash To Treasure (example #1)",
              "timedOut": null,
              "duration": 163,
              "state": "passed",
              "speed": "slow",
              "pass": true,
              "fail": false,
              "pending": false,
              "context": null,
              "code": "const state = window.testState;\nreturn cy\n  .then(() => state.onStartScenario(scenario, indexedSteps))\n  .then(() =>\n    resolveAndRunBeforeHooks.call(this, scenario.tags, state.feature.name)\n  )\n  .then(() =>\n    indexedSteps.forEach(step =>\n      stepTest.call(this, state, step, rowData)\n    )\n  )\n  .then(() =>\n    resolveAndRunAfterHooks.call(this, scenario.tags, state.feature.name)\n  )\n  .then(() => state.onFinishScenario(scenario));",
              "err": {},
              "uuid": "5bf28e51-bd8b-4c42-b09a-ce148f177702",
              "parentUUID": "1e058828-439c-4774-8df2-a1f4e6374989",
              "isHook": false,
              "skipped": false
            }
          ],
          "suites": [],
          "passes": [
            "8a86ad04-768b-4e44-9dc5-27c3dc712d69",
            "5bf28e51-bd8b-4c42-b09a-ce148f177702"
          ],
          "failures": [],
          "pending": [],
          "skipped": [],
          "duration": 931,
          "root": false,
          "rootEmpty": false,
          "_timeout": 2000
        }
      ],
      "passes": [],
      "failures": [],
      "pending": [],
      "skipped": [],
      "duration": 0,
      "root": true,
      "rootEmpty": true,
      "_timeout": 2000
    },
    {
      "uuid": "f11abf51-7b61-415f-9cb3-eea83363934d",
      "title": "",
      "fullFile": "cypress/integration/cucumber-tests/Z_generate_cucumber_reports.feature",
      "file": "cypress/integration/cucumber-tests/Z_generate_cucumber_reports.feature",
      "beforeHooks": [],
      "afterHooks": [],
      "tests": [],
      "suites": [
        {
          "uuid": "8cc3c2ad-cac5-4c12-b235-213c3d20503a",
          "title": "Generate Cucumber Reports",
          "fullFile": "",
          "file": "",
          "beforeHooks": [],
          "afterHooks": [],
          "tests": [
            {
              "title": "Explore different products of Rapid7",
              "fullTitle": "Generate Cucumber Reports Explore different products of Rapid7",
              "timedOut": null,
              "duration": 1301,
              "state": "passed",
              "speed": "slow",
              "pass": true,
              "fail": false,
              "pending": false,
              "context": null,
              "code": "const state = window.testState;\nreturn cy\n  .then(() => state.onStartScenario(scenario, indexedSteps))\n  .then(() =>\n    resolveAndRunBeforeHooks.call(this, scenario.tags, state.feature.name)\n  )\n  .then(() =>\n    indexedSteps.forEach(step =>\n      stepTest.call(this, state, step, rowData)\n    )\n  )\n  .then(() =>\n    resolveAndRunAfterHooks.call(this, scenario.tags, state.feature.name)\n  )\n  .then(() => state.onFinishScenario(scenario));",
              "err": {},
              "uuid": "4527ca2a-2828-42f4-b3f9-5fc39f9c70c3",
              "parentUUID": "8cc3c2ad-cac5-4c12-b235-213c3d20503a",
              "isHook": false,
              "skipped": false
            }
          ],
          "suites": [],
          "passes": [
            "4527ca2a-2828-42f4-b3f9-5fc39f9c70c3"
          ],
          "failures": [],
          "pending": [],
          "skipped": [],
          "duration": 1301,
          "root": false,
          "rootEmpty": false,
          "_timeout": 2000
        }
      ],
      "passes": [],
      "failures": [],
      "pending": [],
      "skipped": [],
      "duration": 0,
      "root": true,
      "rootEmpty": true,
      "_timeout": 2000
    }
  ],
  "meta": {
    "mocha": {
      "version": "7.0.1"
    },
    "mochawesome": {
      "options": {
        "quiet": false,
        "reportFilename": "mochawesome",
        "saveHtml": false,
        "saveJson": true,
        "consoleReporter": "spec",
        "useInlineDiffs": false,
        "code": true
      },
      "version": "6.2.1"
    },
    "marge": {
      "options": {
        "id": "default",
        "reportDir": "cypress/reports/mocha",
        "quite": true,
        "overwrite": false,
        "html": false,
        "json": true
      },
      "version": "5.1.0"
    }
  }
}